<?xml version="1.0" encoding="UTF-8"?>
<!-- Generated by org.testng.reporters.JUnitXMLReporter -->
<testsuite hostname="LAPTOP-60J9Q0D7" ignored="0" name="Test" tests="1" failures="1" timestamp="2020-08-09T21:46:54 IST" time="18.497" errors="0">
  <testcase name="browserLaunch" time="18.425" classname="fbproject.LaunchBrowserWD">
    <failure type="org.openqa.selenium.SessionNotCreatedException" message="session not created
from chrome not reachable
  (Session info: chrome=84.0.4147.105)
Build info: version: &amp;apos;4.0.0-alpha-6&amp;apos;, revision: &amp;apos;5f43a29cfc&amp;apos;
System info: host: &amp;apos;LAPTOP-60J9Q0D7&amp;apos;, ip: &amp;apos;192.168.1.107&amp;apos;, os.name: &amp;apos;Windows 10&amp;apos;, os.arch: &amp;apos;amd64&amp;apos;, os.version: &amp;apos;10.0&amp;apos;, java.version: &amp;apos;1.8.0_251&amp;apos;
Driver info: driver.version: ChromeDriver
remote stacktrace: Backtrace:
	Ordinal0 [0x005187E3+2852835]
	Ordinal0 [0x00405BB1+1727409]
	Ordinal0 [0x002DE362+516962]
	Ordinal0 [0x002D7D82+490882]
	Ordinal0 [0x002D846B+492651]
	Ordinal0 [0x002D93C5+496581]
	Ordinal0 [0x002D4D64+478564]
	Ordinal0 [0x002DF300+520960]
	Ordinal0 [0x0028E489+189577]
	Ordinal0 [0x0028D7FD+186365]
	Ordinal0 [0x0028B70B+177931]
	Ordinal0 [0x00272584+75140]
	Ordinal0 [0x00273650+79440]
	Ordinal0 [0x002735E9+79337]
	Ordinal0 [0x0041AD5C+1813852]
	GetHandleVerifier [0x0063C616+1075574]
	GetHandleVerifier [0x0063C367+1074887]
	GetHandleVerifier [0x00647497+1120247]
	GetHandleVerifier [0x0063CC16+1077110]
	Ordinal0 [0x00413206+1782278]
	Ordinal0 [0x0041C3BB+1819579]
	Ordinal0 [0x0041C523+1819939]
	Ordinal0 [0x00432B45+1911621]
	BaseThreadInitThunk [0x76B3F989+25]
	RtlGetAppContainerNamedObjectPath [0x771D7084+228]
	RtlGetAppContainerNamedObjectPath [0x771D7054+180]
">
      <![CDATA[org.openqa.selenium.SessionNotCreatedException: session not created
from chrome not reachable
  (Session info: chrome=84.0.4147.105)
Build info: version: '4.0.0-alpha-6', revision: '5f43a29cfc'
System info: host: 'LAPTOP-60J9Q0D7', ip: '192.168.1.107', os.name: 'Windows 10', os.arch: 'amd64', os.version: '10.0', java.version: '1.8.0_251'
Driver info: driver.version: ChromeDriver
remote stacktrace: Backtrace:
Ordinal0 [0x005187E3+2852835]
Ordinal0 [0x00405BB1+1727409]
Ordinal0 [0x002DE362+516962]
Ordinal0 [0x002D7D82+490882]
Ordinal0 [0x002D846B+492651]
Ordinal0 [0x002D93C5+496581]
Ordinal0 [0x002D4D64+478564]
Ordinal0 [0x002DF300+520960]
Ordinal0 [0x0028E489+189577]
Ordinal0 [0x0028D7FD+186365]
Ordinal0 [0x0028B70B+177931]
Ordinal0 [0x00272584+75140]
Ordinal0 [0x00273650+79440]
Ordinal0 [0x002735E9+79337]
Ordinal0 [0x0041AD5C+1813852]
GetHandleVerifier [0x0063C616+1075574]
GetHandleVerifier [0x0063C367+1074887]
GetHandleVerifier [0x00647497+1120247]
GetHandleVerifier [0x0063CC16+1077110]
Ordinal0 [0x00413206+1782278]
Ordinal0 [0x0041C3BB+1819579]
Ordinal0 [0x0041C523+1819939]
Ordinal0 [0x00432B45+1911621]
BaseThreadInitThunk [0x76B3F989+25]
RtlGetAppContainerNamedObjectPath [0x771D7084+228]
RtlGetAppContainerNamedObjectPath [0x771D7054+180]

at org.openqa.selenium.remote.W3CHandshakeResponse.lambda$errorHandler$0(W3CHandshakeResponse.java:62)
at org.openqa.selenium.remote.HandshakeResponse.lambda$getResponseFunction$0(HandshakeResponse.java:30)
at org.openqa.selenium.remote.ProtocolHandshake.lambda$createSession$1(ProtocolHandshake.java:126)
at java.util.stream.ReferencePipeline$3$1.accept(ReferencePipeline.java:193)
at java.util.Spliterators$ArraySpliterator.tryAdvance(Spliterators.java:958)
at java.util.stream.ReferencePipeline.forEachWithCancel(ReferencePipeline.java:126)
at java.util.stream.AbstractPipeline.copyIntoWithCancel(AbstractPipeline.java:499)
at java.util.stream.AbstractPipeline.copyInto(AbstractPipeline.java:486)
at java.util.stream.AbstractPipeline.wrapAndCopyInto(AbstractPipeline.java:472)
at java.util.stream.FindOps$FindOp.evaluateSequential(FindOps.java:152)
at java.util.stream.AbstractPipeline.evaluate(AbstractPipeline.java:234)
at java.util.stream.ReferencePipeline.findFirst(ReferencePipeline.java:464)
at org.openqa.selenium.remote.ProtocolHandshake.createSession(ProtocolHandshake.java:128)
at org.openqa.selenium.remote.ProtocolHandshake.createSession(ProtocolHandshake.java:75)
at org.openqa.selenium.remote.HttpCommandExecutor.execute(HttpCommandExecutor.java:138)
at org.openqa.selenium.remote.service.DriverCommandExecutor.execute(DriverCommandExecutor.java:83)
at org.openqa.selenium.remote.RemoteWebDriver.execute(RemoteWebDriver.java:582)
at org.openqa.selenium.remote.RemoteWebDriver.startSession(RemoteWebDriver.java:216)
at org.openqa.selenium.remote.RemoteWebDriver.<init>(RemoteWebDriver.java:136)
at org.openqa.selenium.chromium.ChromiumDriver.<init>(ChromiumDriver.java:75)
at org.openqa.selenium.chrome.ChromeDriver.<init>(ChromeDriver.java:163)
at org.openqa.selenium.chrome.ChromeDriver.<init>(ChromeDriver.java:150)
at org.openqa.selenium.chrome.ChromeDriver.<init>(ChromeDriver.java:105)
at fbproject.LaunchBrowserWD.browserLaunch(LaunchBrowserWD.java:13)
at java.util.ArrayList.forEach(ArrayList.java:1257)
... Removed 31 stack frames]]>
    </failure>
  </testcase> <!-- browserLaunch -->
</testsuite> <!-- Test -->
